<?xml version="1.0" encoding="UTF-8"?>
<robot generator="Robot 4.1.3 (Python 3.7.9 on darwin)" generated="20221103 17:22:16.890" rpa="false" schemaversion="2">
<suite id="s1" name="Test" source="/Users/samko/Documents/EXAMPLE/test.robot">
<kw name="Random number" library="setup" type="SETUP">
<kw name="Generate Random String" library="String">
<var>${RANDOM_NUMBER}</var>
<arg>7</arg>
<arg>123456789</arg>
<doc>Generates a string with a desired ``length`` from the given ``chars``.</doc>
<msg timestamp="20221103 17:22:17.067" level="INFO">${RANDOM_NUMBER} = 3524391</msg>
<status status="PASS" starttime="20221103 17:22:17.067" endtime="20221103 17:22:17.067"/>
</kw>
<kw name="Set Global Variable" library="BuiltIn">
<arg>${G_RANDOM_NUMBER}</arg>
<arg>${RANDOM_NUMBER}</arg>
<doc>Makes a variable available globally in all tests and suites.</doc>
<msg timestamp="20221103 17:22:17.067" level="INFO">${G_RANDOM_NUMBER} = 3524391</msg>
<status status="PASS" starttime="20221103 17:22:17.067" endtime="20221103 17:22:17.067"/>
</kw>
<status status="PASS" starttime="20221103 17:22:17.067" endtime="20221103 17:22:17.067"/>
</kw>
<test id="s1-t1" name="TC_001">
<kw name="Random number" library="setup">
<kw name="Generate Random String" library="String">
<var>${RANDOM_NUMBER}</var>
<arg>7</arg>
<arg>123456789</arg>
<doc>Generates a string with a desired ``length`` from the given ``chars``.</doc>
<msg timestamp="20221103 17:22:17.075" level="INFO">${RANDOM_NUMBER} = 1695383</msg>
<status status="PASS" starttime="20221103 17:22:17.075" endtime="20221103 17:22:17.075"/>
</kw>
<kw name="Set Global Variable" library="BuiltIn">
<arg>${G_RANDOM_NUMBER}</arg>
<arg>${RANDOM_NUMBER}</arg>
<doc>Makes a variable available globally in all tests and suites.</doc>
<msg timestamp="20221103 17:22:17.075" level="INFO">${G_RANDOM_NUMBER} = 1695383</msg>
<status status="PASS" starttime="20221103 17:22:17.075" endtime="20221103 17:22:17.075"/>
</kw>
<status status="PASS" starttime="20221103 17:22:17.075" endtime="20221103 17:22:17.076"/>
</kw>
<kw name="Log To Console" library="BuiltIn">
<arg>//*[contains(text(),"${TITLE}_${G_RANDOM_NUMBER}")]</arg>
<doc>Logs the given message to the console.</doc>
<status status="PASS" starttime="20221103 17:22:17.076" endtime="20221103 17:22:17.076"/>
</kw>
<kw name="Log To Console" library="BuiltIn">
<arg>${NAME_OF_CREATED_ITEM}</arg>
<doc>Logs the given message to the console.</doc>
<status status="PASS" starttime="20221103 17:22:17.076" endtime="20221103 17:22:17.076"/>
</kw>
<status status="PASS" starttime="20221103 17:22:17.068" endtime="20221103 17:22:17.076"/>
</test>
<status status="PASS" starttime="20221103 17:22:16.891" endtime="20221103 17:22:17.077"/>
</suite>
<statistics>
<total>
<stat pass="1" fail="0" skip="0">All Tests</stat>
</total>
<tag>
</tag>
<suite>
<stat pass="1" fail="0" skip="0" id="s1" name="Test">Test</stat>
</suite>
</statistics>
<errors>
</errors>
</robot>
